<?xml version="1.0" encoding="UTF-8"?>
<testng-results ignored="0" total="1" passed="1" failed="0" skipped="0">
  <reporter-output>
  </reporter-output>
  <suite started-at="2020-07-07T17:28:55 MYT" name="Default suite" finished-at="2020-07-07T17:29:42 MYT" duration-ms="47025">
    <groups>
    </groups>
    <test started-at="2020-07-07T17:28:55 MYT" name="Default test" finished-at="2020-07-07T17:29:42 MYT" duration-ms="47025">
      <class name="com.company.app.testcases.AppiumTest">
        <test-method is-config="true" signature="setUp1()[pri:0, instance:com.company.app.testcases.AppiumTest@20d28811]" started-at="2020-07-07T17:28:55 MYT" name="setUp1" finished-at="2020-07-07T17:29:29 MYT" duration-ms="34121" status="PASS">
          <reporter-output>
          </reporter-output>
        </test-method> <!-- setUp1 -->
        <test-method signature="t1()[pri:0, instance:com.company.app.testcases.AppiumTest@20d28811]" started-at="2020-07-07T17:29:30 MYT" name="t1" finished-at="2020-07-07T17:29:42 MYT" duration-ms="12716" status="PASS">
          <reporter-output>
          </reporter-output>
        </test-method> <!-- t1 -->
        <test-method is-config="true" signature="tearDown()[pri:0, instance:com.company.app.testcases.AppiumTest@20d28811]" started-at="2020-07-07T17:29:42 MYT" name="tearDown" finished-at="2020-07-07T17:29:42 MYT" duration-ms="104" status="PASS">
          <reporter-output>
          </reporter-output>
        </test-method> <!-- tearDown -->
      </class> <!-- com.company.app.testcases.AppiumTest -->
    </test> <!-- Default test -->
  </suite> <!-- Default suite -->
</testng-results>
